<?xml version="1.0" encoding="UTF-8"?>
<!-- Generated by org.testng.reporters.JUnitXMLReporter -->
<testsuite ignored="0" hostname="MSI" failures="0" tests="2" name="Command line test" time="1.973" errors="0" timestamp="2025-01-24T15:35:46 MSK">
  <testcase classname="com.stv.factory.factorytests.MainFactoryTest" name="assertMainLogoIsDisplayed" time="0.266"/>
  <testcase classname="com.stv.factory.factorytests.MainFactoryTest" name="assertAdminPanelOpened" time="0.112"/>
</testsuite> <!-- Command line test -->
