<?xml version="1.0" encoding="UTF-8"?>
<testsuite xmlns:xsi="http://www.w3.org/2001/XMLSchema-instance" xsi:noNamespaceSchemaLocation="https://maven.apache.org/surefire/maven-surefire-plugin/xsd/surefire-test-report-3.0.xsd" version="3.0" name="TestSuite" time="92.464" tests="17" errors="0" skipped="11" failures="6">
  <properties>
[...]
</properties>
  <testcase name="assertEmailFieldIsDisplayed" classname="com.stv.design.designtests.LoginTest" time="15.687">
    <failure message="Expected condition failed: waiting for visibility of element located by By.cssSelector: #username (tried for 10 second(s) with 500 milliseconds interval)&#10;Build info: version: &apos;4.9.0&apos;, revision: &apos;d7057100a6&apos;&#10;System info: os.name: &apos;Windows 10&apos;, os.arch: &apos;amd64&apos;, os.version: &apos;10.0&apos;, java.version: &apos;21.0.6&apos;&#10;Driver info: org.openqa.selenium.chrome.ChromeDriver&#10;Capabilities {acceptInsecureCerts: false, browserName: chrome, browserVersion: 133.0.6943.127, chrome: {chromedriverVersion: 132.0.6834.159 (2d77d3fc445..., userDataDir: C:\Program Files\scoped_dir...}, fedcm:accounts: true, goog:chromeOptions: {debuggerAddress: localhost:53760}, networkConnectionEnabled: false, pageLoadStrategy: normal, platformName: WINDOWS, proxy: Proxy(), se:cdp: ws://localhost:53760/devtoo..., se:cdpVersion: 133.0.6943.127, setWindowRect: true, strictFileInteractability: false, timeouts: {implicit: 0, pageLoad: 300000, script: 30000}, unhandledPromptBehavior: dismiss and notify, webauthn:extension:credBlob: true, webauthn:extension:largeBlob: true, webauthn:extension:minPinLength: true, webauthn:extension:prf: true, webauthn:virtualAuthenticators: true}&#10;Session ID: fa59c7ed798f4e56ec715189203357bb" type="org.openqa.selenium.TimeoutException"><![CDATA[org.openqa.selenium.TimeoutException: 
Expected condition failed: waiting for visibility of element located by By.cssSelector: #username (tried for 10 second(s) with 500 milliseconds interval)
Build info: version: '4.9.0', revision: 'd7057100a6'
System info: os.name: 'Windows 10', os.arch: 'amd64', os.version: '10.0', java.version: '21.0.6'
Driver info: org.openqa.selenium.chrome.ChromeDriver
Capabilities {acceptInsecureCerts: false, browserName: chrome, browserVersion: 133.0.6943.127, chrome: {chromedriverVersion: 132.0.6834.159 (2d77d3fc445..., userDataDir: C:\Program Files\scoped_dir...}, fedcm:accounts: true, goog:chromeOptions: {debuggerAddress: localhost:53760}, networkConnectionEnabled: false, pageLoadStrategy: normal, platformName: WINDOWS, proxy: Proxy(), se:cdp: ws://localhost:53760/devtoo..., se:cdpVersion: 133.0.6943.127, setWindowRect: true, strictFileInteractability: false, timeouts: {implicit: 0, pageLoad: 300000, script: 30000}, unhandledPromptBehavior: dismiss and notify, webauthn:extension:credBlob: true, webauthn:extension:largeBlob: true, webauthn:extension:minPinLength: true, webauthn:extension:prf: true, webauthn:virtualAuthenticators: true}
Session ID: fa59c7ed798f4e56ec715189203357bb
	at org.openqa.selenium.support.ui.WebDriverWait.timeoutException(WebDriverWait.java:87)
	at org.openqa.selenium.support.ui.FluentWait.until(FluentWait.java:231)
	at com.stv.design.designpages.LoginPage.isEmailFieldDisplayed(LoginPage.java:18)
	at com.stv.design.designtests.LoginTest.assertEmailFieldIsDisplayed(LoginTest.java:12)
	at java.base/jdk.internal.reflect.DirectMethodHandleAccessor.invoke(DirectMethodHandleAccessor.java:103)
	at java.base/java.lang.reflect.Method.invoke(Method.java:580)
	at org.testng.internal.invokers.MethodInvocationHelper.invokeMethod(MethodInvocationHelper.java:141)
	at org.testng.internal.invokers.TestInvoker.invokeMethod(TestInvoker.java:686)
	at org.testng.internal.invokers.TestInvoker.invokeTestMethod(TestInvoker.java:230)
	at org.testng.internal.invokers.MethodRunner.runInSequence(MethodRunner.java:63)
	at org.testng.internal.invokers.TestInvoker$MethodInvocationAgent.invoke(TestInvoker.java:992)
	at org.testng.internal.invokers.TestInvoker.invokeTestMethods(TestInvoker.java:203)
	at org.testng.internal.invokers.TestMethodWorker.invokeTestMethods(TestMethodWorker.java:154)
	at org.testng.internal.invokers.TestMethodWorker.run(TestMethodWorker.java:134)
	at java.base/java.util.ArrayList.forEach(ArrayList.java:1596)
	at org.testng.TestRunner.privateRun(TestRunner.java:739)
	at org.testng.TestRunner.run(TestRunner.java:614)
	at org.testng.SuiteRunner.runTest(SuiteRunner.java:421)
	at org.testng.SuiteRunner.runSequentially(SuiteRunner.java:413)
	at org.testng.SuiteRunner.privateRun(SuiteRunner.java:373)
	at org.testng.SuiteRunner.run(SuiteRunner.java:312)
	at org.testng.SuiteRunnerWorker.runSuite(SuiteRunnerWorker.java:52)
	at org.testng.SuiteRunnerWorker.run(SuiteRunnerWorker.java:95)
	at org.testng.TestNG.runSuitesSequentially(TestNG.java:1274)
	at org.testng.TestNG.runSuitesLocally(TestNG.java:1208)
	at org.testng.TestNG.runSuites(TestNG.java:1112)
	at org.testng.TestNG.run(TestNG.java:1079)
	at org.apache.maven.surefire.testng.TestNGExecutor.run(TestNGExecutor.java:155)
	at org.apache.maven.surefire.testng.TestNGDirectoryTestSuite.executeMulti(TestNGDirectoryTestSuite.java:169)
	at org.apache.maven.surefire.testng.TestNGDirectoryTestSuite.execute(TestNGDirectoryTestSuite.java:88)
	at org.apache.maven.surefire.testng.TestNGProvider.invoke(TestNGProvider.java:137)
	at org.apache.maven.surefire.booter.ForkedBooter.runSuitesInProcess(ForkedBooter.java:385)
	at org.apache.maven.surefire.booter.ForkedBooter.execute(ForkedBooter.java:162)
	at org.apache.maven.surefire.booter.ForkedBooter.run(ForkedBooter.java:507)
	at org.apache.maven.surefire.booter.ForkedBooter.main(ForkedBooter.java:495)
]]></failure>
    <system-out><![CDATA[2025-02-20 15:48:28 DEBUG InternalLoggerFactory:63 - Using SLF4J as the default logging framework
2025-02-20 15:48:28 DEBUG ResourceLeakDetector:129 - -Dio.netty.leakDetection.level: simple
2025-02-20 15:48:28 DEBUG ResourceLeakDetector:130 - -Dio.netty.leakDetection.targetRecords: 4
2025-02-20 15:48:28 DEBUG ResourceLeakDetectorFactory:196 - Loaded default ResourceLeakDetector: io.netty.util.ResourceLeakDetector@43df23d3
2025-02-20 15:48:28 DEBUG PlatformDependent0:496 - -Dio.netty.noUnsafe: false
2025-02-20 15:48:28 DEBUG PlatformDependent0:1000 - Java version: 21
2025-02-20 15:48:28 DEBUG PlatformDependent0:137 - sun.misc.Unsafe.theUnsafe: available
2025-02-20 15:48:28 DEBUG PlatformDependent0:161 - sun.misc.Unsafe.copyMemory: available
2025-02-20 15:48:28 DEBUG PlatformDependent0:193 - sun.misc.Unsafe.storeFence: available
2025-02-20 15:48:28 DEBUG PlatformDependent0:236 - java.nio.Buffer.address: available
2025-02-20 15:48:28 DEBUG PlatformDependent0:320 - direct buffer constructor: unavailable: java.nio.DirectByteBuffer.<init>(long,int)
2025-02-20 15:48:28 DEBUG PlatformDependent0:385 - java.nio.Bits.unaligned: available, true
2025-02-20 15:48:28 DEBUG PlatformDependent0:452 - jdk.internal.misc.Unsafe.allocateUninitializedArray(int): unavailable: class io.netty.util.internal.PlatformDependent0$7 cannot access class jdk.internal.misc.Unsafe (in module java.base) because module java.base does not export jdk.internal.misc to unnamed module @6a28ffa4
2025-02-20 15:48:28 DEBUG PlatformDependent0:482 - java.nio.DirectByteBuffer.<init>(long, int): unavailable
2025-02-20 15:48:28 DEBUG PlatformDependent:1159 - sun.misc.Unsafe: available
2025-02-20 15:48:28 DEBUG PlatformDependent:1270 - maxDirectMemory: 1021313024 bytes (maybe)
2025-02-20 15:48:28 DEBUG PlatformDependent:1289 - -Dio.netty.tmpdir: C:\Windows\TEMP (java.io.tmpdir)
2025-02-20 15:48:28 DEBUG PlatformDependent:1368 - -Dio.netty.bitMode: 64 (sun.arch.data.model)
2025-02-20 15:48:28 DEBUG PlatformDependent:1119 - Platform: Windows
2025-02-20 15:48:28 DEBUG PlatformDependent:178 - -Dio.netty.maxDirectMemory: -1 bytes
2025-02-20 15:48:28 DEBUG PlatformDependent:185 - -Dio.netty.uninitializedArrayAllocationThreshold: -1
2025-02-20 15:48:28 DEBUG CleanerJava9:71 - java.nio.ByteBuffer.cleaner(): available
2025-02-20 15:48:28 DEBUG PlatformDependent:205 - -Dio.netty.noPreferDirect: false
2025-02-20 15:48:29 DEBUG PlatformDependent:1010 - org.jctools-core.MpscChunkedArrayQueue: available
2025-02-20 15:48:29 DEBUG InternalThreadLocalMap:100 - -Dio.netty.threadLocalMap.stringBuilder.initialSize: 1024
2025-02-20 15:48:29 DEBUG InternalThreadLocalMap:101 - -Dio.netty.threadLocalMap.stringBuilder.maxSize: 4096
2025-02-20 15:48:30 DEBUG JdkSslContext:83 - Default protocols (JDK): [TLSv1.3, TLSv1.2] 
2025-02-20 15:48:30 DEBUG JdkSslContext:84 - Default cipher suites (JDK): [TLS_ECDHE_ECDSA_WITH_AES_256_GCM_SHA384, TLS_ECDHE_ECDSA_WITH_AES_128_GCM_SHA256, TLS_ECDHE_RSA_WITH_AES_128_GCM_SHA256, TLS_ECDHE_RSA_WITH_AES_256_GCM_SHA384, TLS_ECDHE_RSA_WITH_AES_128_CBC_SHA, TLS_ECDHE_RSA_WITH_AES_256_CBC_SHA, TLS_RSA_WITH_AES_128_GCM_SHA256, TLS_RSA_WITH_AES_128_CBC_SHA, TLS_RSA_WITH_AES_256_CBC_SHA, TLS_AES_128_GCM_SHA256, TLS_AES_256_GCM_SHA384]
2025-02-20 15:48:30 DEBUG GlobalEventExecutor:53 - -Dio.netty.globalEventExecutor.quietPeriodSeconds: 1
2025-02-20 15:48:31 DEBUG MultithreadEventLoopGroup:44 - -Dio.netty.eventLoopThreads: 8
2025-02-20 15:48:31 DEBUG NioEventLoop:110 - -Dio.netty.noKeySetOptimization: false
2025-02-20 15:48:31 DEBUG NioEventLoop:111 - -Dio.netty.selectorAutoRebuildThreshold: 512
2025-02-20 15:48:31 DEBUG PooledByteBufAllocator:157 - -Dio.netty.allocator.numHeapArenas: 8
2025-02-20 15:48:31 DEBUG PooledByteBufAllocator:158 - -Dio.netty.allocator.numDirectArenas: 8
2025-02-20 15:48:31 DEBUG PooledByteBufAllocator:160 - -Dio.netty.allocator.pageSize: 8192
2025-02-20 15:48:31 DEBUG PooledByteBufAllocator:165 - -Dio.netty.allocator.maxOrder: 9
2025-02-20 15:48:31 DEBUG PooledByteBufAllocator:169 - -Dio.netty.allocator.chunkSize: 4194304
2025-02-20 15:48:31 DEBUG PooledByteBufAllocator:170 - -Dio.netty.allocator.smallCacheSize: 256
2025-02-20 15:48:31 DEBUG PooledByteBufAllocator:171 - -Dio.netty.allocator.normalCacheSize: 64
2025-02-20 15:48:31 DEBUG PooledByteBufAllocator:172 - -Dio.netty.allocator.maxCachedBufferCapacity: 32768
2025-02-20 15:48:31 DEBUG PooledByteBufAllocator:173 - -Dio.netty.allocator.cacheTrimInterval: 8192
2025-02-20 15:48:31 DEBUG PooledByteBufAllocator:174 - -Dio.netty.allocator.cacheTrimIntervalMillis: 0
2025-02-20 15:48:31 DEBUG PooledByteBufAllocator:175 - -Dio.netty.allocator.useCacheForAllThreads: false
2025-02-20 15:48:31 DEBUG PooledByteBufAllocator:176 - -Dio.netty.allocator.maxCachedByteBuffersPerChunk: 1023
2025-02-20 15:48:31 DEBUG ByteBufUtil:88 - -Dio.netty.allocator.type: pooled
2025-02-20 15:48:31 DEBUG ByteBufUtil:97 - -Dio.netty.threadLocalDirectBufferSize: 0
2025-02-20 15:48:31 DEBUG ByteBufUtil:100 - -Dio.netty.maxThreadLocalCharBufferSize: 16384
2025-02-20 15:48:33 DEBUG DefaultChannelId:79 - -Dio.netty.processId: 12748 (auto-detected)
2025-02-20 15:48:33 DEBUG NetUtil:148 - -Djava.net.preferIPv4Stack: false
2025-02-20 15:48:33 DEBUG NetUtil:149 - -Djava.net.preferIPv6Addresses: false
2025-02-20 15:48:33 DEBUG NetUtilInitializations:145 - Loopback interface: loopback_0 (Software Loopback Interface 1, 0:0:0:0:0:0:0:1)
2025-02-20 15:48:34 DEBUG NetUtil:206 - Failed to get SOMAXCONN from sysctl and file \proc\sys\net\core\somaxconn. Default: 200
2025-02-20 15:48:34 DEBUG DefaultChannelId:101 - -Dio.netty.machineId: 28:39:26:ff:fe:a9:8e:94 (auto-detected)
2025-02-20 15:48:34 DEBUG AbstractByteBuf:63 - -Dio.netty.buffer.checkAccessible: true
2025-02-20 15:48:34 DEBUG AbstractByteBuf:64 - -Dio.netty.buffer.checkBounds: true
2025-02-20 15:48:34 DEBUG ResourceLeakDetectorFactory:196 - Loaded default ResourceLeakDetector: io.netty.util.ResourceLeakDetector@7cab4da4
2025-02-20 15:48:34 DEBUG NettyConnectListener:73 - Using new Channel '[id: 0x73b06f02, L:/127.0.0.1:53759 - R:localhost/127.0.0.1:30747]' for 'POST' to '/session'
2025-02-20 15:48:34 DEBUG Recycler:96 - -Dio.netty.recycler.maxCapacityPerThread: 4096
2025-02-20 15:48:34 DEBUG Recycler:97 - -Dio.netty.recycler.ratio: 8
2025-02-20 15:48:34 DEBUG Recycler:98 - -Dio.netty.recycler.chunkSize: 32
2025-02-20 15:48:34 DEBUG Recycler:99 - -Dio.netty.recycler.blocking: false
2025-02-20 15:48:34 DEBUG Recycler:100 - -Dio.netty.recycler.batchFastThreadLocalOnly: true
2025-02-20 15:48:42 DEBUG Brotli:38 - brotli4j not in the classpath; Brotli support will be unavailable.
2025-02-20 15:48:42 DEBUG HttpHandler:70 - 

Request DefaultHttpRequest(decodeResult: success, version: HTTP/1.1)
POST /session HTTP/1.1
User-Agent: selenium/4.9.0 (java windows)
Content-Length: 254
Content-Type: application/json; charset=utf-8
host: localhost:30747
accept: */*

Response DefaultHttpResponse(decodeResult: success, version: HTTP/1.1)
HTTP/1.1 200 OK
Content-Length: 862
Content-Type: application/json; charset=utf-8
cache-control: no-cache

2025-02-20 15:48:42 DEBUG ChannelManager:270 - Adding key: http://localhost:30747 for channel [id: 0x73b06f02, L:/127.0.0.1:53759 - R:localhost/127.0.0.1:30747]
2025-02-20 15:48:42 DEBUG DefaultChannelPool:348 - Entry count for : http://localhost:30747 : 1
2025-02-20 15:48:43 DEBUG NettyConnectListener:73 - Using new Channel '[id: 0xf507f25b, L:/127.0.0.1:53768 - R:localhost/127.0.0.1:53760]' for 'GET' to '/json/version'
2025-02-20 15:48:43 DEBUG HttpHandler:70 - 

Request DefaultFullHttpRequest(decodeResult: success, version: HTTP/1.1, content: EmptyByteBufBE)
GET /json/version HTTP/1.1
User-Agent: selenium/4.9.0 (java windows)
host: localhost:53760
accept: */*

Response DefaultHttpResponse(decodeResult: success, version: HTTP/1.1)
HTTP/1.1 200 OK
Content-Security-Policy: frame-ancestors 'none'
Content-Length: 424
Content-Type: application/json; charset=UTF-8

2025-02-20 15:48:43 DEBUG ChannelManager:270 - Adding key: http://localhost:53760 for channel [id: 0xf507f25b, L:/127.0.0.1:53768 - R:localhost/127.0.0.1:53760]
2025-02-20 15:48:43 DEBUG DefaultChannelPool:348 - Entry count for : http://localhost:30747 : 1
2025-02-20 15:48:43 DEBUG DefaultChannelPool:348 - Entry count for : http://localhost:53760 : 1
2025-02-20 15:48:44 DEBUG ThreadLocalRandom:214 - -Dio.netty.initialSeedUniquifier: 0x714113dd55c788ce
2025-02-20 15:48:44 DEBUG NettyConnectListener:73 - Using new Channel '[id: 0xeb649191, L:/127.0.0.1:53769 - R:localhost/127.0.0.1:53760]' for 'GET' to '/devtools/browser/265008d5-dc21-4fa8-add2-ea9177df213a'
2025-02-20 15:48:44 DEBUG WebSocketHandler:105 - 

Request DefaultFullHttpRequest(decodeResult: success, version: HTTP/1.1, content: EmptyByteBufBE)
GET /devtools/browser/265008d5-dc21-4fa8-add2-ea9177df213a HTTP/1.1
upgrade: websocket
connection: upgrade
sec-websocket-key: Lw8aXLiolRjss2N7Msfr+A==
sec-websocket-version: 13
origin: http://localhost:53760
host: localhost:53760
accept: */*
user-agent: AHC/2.1

Response DefaultHttpResponse(decodeResult: success, version: HTTP/1.1)
HTTP/1.1 101 WebSocket Protocol Handshake
Upgrade: WebSocket
Connection: Upgrade
Sec-WebSocket-Accept: rZm14SkRI140t1jSZVQPb+f8U2o=

2025-02-20 15:48:45 DEBUG DefaultChannelPool:348 - Entry count for : http://localhost:30747 : 1
2025-02-20 15:48:45 DEBUG DefaultChannelPool:348 - Entry count for : http://localhost:53760 : 1
2025-02-20 15:48:46 DEBUG DefaultChannelPool:348 - Entry count for : http://localhost:30747 : 1
2025-02-20 15:48:46 DEBUG DefaultChannelPool:348 - Entry count for : http://localhost:53760 : 1
2025-02-20 15:48:47 DEBUG DefaultChannelPool:348 - Entry count for : http://localhost:30747 : 1
2025-02-20 15:48:47 DEBUG DefaultChannelPool:348 - Entry count for : http://localhost:53760 : 1
2025-02-20 15:48:47 DEBUG NettyRequestSender:593 - Using pooled Channel '[id: 0x73b06f02, L:/127.0.0.1:53759 - R:localhost/127.0.0.1:30747]' for 'POST' to 'http://localhost:30747/session/fa59c7ed798f4e56ec715189203357bb/url'
2025-02-20 15:48:47 DEBUG NettyRequestSender:251 - Using open Channel [id: 0x73b06f02, L:/127.0.0.1:53759 - R:localhost/127.0.0.1:30747] for POST '/session/fa59c7ed798f4e56ec715189203357bb/url'
2025-02-20 15:48:50 DEBUG DefaultChannelPool:348 - Entry count for : http://localhost:53760 : 1
2025-02-20 15:48:51 DEBUG DefaultChannelPool:348 - Entry count for : http://localhost:53760 : 1
2025-02-20 15:48:52 DEBUG DefaultChannelPool:348 - Entry count for : http://localhost:53760 : 1
2025-02-20 15:48:53 DEBUG DefaultChannelPool:348 - Entry count for : http://localhost:53760 : 1
2025-02-20 15:48:54 DEBUG DefaultChannelPool:348 - Entry count for : http://localhost:53760 : 1
2025-02-20 15:48:55 DEBUG DefaultChannelPool:348 - Entry count for : http://localhost:53760 : 1
2025-02-20 15:48:56 DEBUG DefaultChannelPool:348 - Entry count for : http://localhost:53760 : 1
2025-02-20 15:48:58 DEBUG DefaultChannelPool:348 - Entry count for : http://localhost:53760 : 1
2025-02-20 15:48:59 DEBUG DefaultChannelPool:348 - Entry count for : http://localhost:53760 : 1
2025-02-20 15:49:00 DEBUG DefaultChannelPool:348 - Entry count for : http://localhost:53760 : 1
2025-02-20 15:49:01 DEBUG DefaultChannelPool:348 - Entry count for : http://localhost:53760 : 1
2025-02-20 15:49:02 DEBUG DefaultChannelPool:348 - Entry count for : http://localhost:53760 : 1
2025-02-20 15:49:03 DEBUG DefaultChannelPool:348 - Entry count for : http://localhost:53760 : 1
2025-02-20 15:49:04 DEBUG DefaultChannelPool:348 - Entry count for : http://localhost:53760 : 1
2025-02-20 15:49:05 DEBUG HttpHandler:70 - 

Request DefaultHttpRequest(decodeResult: success, version: HTTP/1.1)
POST /session/fa59c7ed798f4e56ec715189203357bb/url HTTP/1.1
User-Agent: selenium/4.9.0 (java windows)
Content-Length: 62
Content-Type: application/json; charset=utf-8
host: localhost:30747
accept: */*

Response DefaultHttpResponse(decodeResult: success, version: HTTP/1.1)
HTTP/1.1 200 OK
Content-Length: 14
Content-Type: application/json; charset=utf-8
cache-control: no-cache

2025-02-20 15:49:05 DEBUG ChannelManager:270 - Adding key: http://localhost:30747 for channel [id: 0x73b06f02, L:/127.0.0.1:53759 - R:localhost/127.0.0.1:30747]
2025-02-20 15:49:05 DEBUG NettyRequestSender:593 - Using pooled Channel '[id: 0x73b06f02, L:/127.0.0.1:53759 - R:localhost/127.0.0.1:30747]' for 'POST' to 'http://localhost:30747/session/fa59c7ed798f4e56ec715189203357bb/timeouts'
2025-02-20 15:49:05 DEBUG NettyRequestSender:251 - Using open Channel [id: 0x73b06f02, L:/127.0.0.1:53759 - R:localhost/127.0.0.1:30747] for POST '/session/fa59c7ed798f4e56ec715189203357bb/timeouts'
2025-02-20 15:49:05 DEBUG HttpHandler:70 - 

Request DefaultHttpRequest(decodeResult: success, version: HTTP/1.1)
POST /session/fa59c7ed798f4e56ec715189203357bb/timeouts HTTP/1.1
User-Agent: selenium/4.9.0 (java windows)
Content-Length: 23
Content-Type: application/json; charset=utf-8
host: localhost:30747
accept: */*

Response DefaultHttpResponse(decodeResult: success, version: HTTP/1.1)
HTTP/1.1 200 OK
Content-Length: 14
Content-Type: application/json; charset=utf-8
cache-control: no-cache

2025-02-20 15:49:05 DEBUG ChannelManager:270 - Adding key: http://localhost:30747 for channel [id: 0x73b06f02, L:/127.0.0.1:53759 - R:localhost/127.0.0.1:30747]
2025-02-20 15:49:05 DEBUG NettyRequestSender:593 - Using pooled Channel '[id: 0x73b06f02, L:/127.0.0.1:53759 - R:localhost/127.0.0.1:30747]' for 'POST' to 'http://localhost:30747/session/fa59c7ed798f4e56ec715189203357bb/window/maximize'
2025-02-20 15:49:05 DEBUG NettyRequestSender:251 - Using open Channel [id: 0x73b06f02, L:/127.0.0.1:53759 - R:localhost/127.0.0.1:30747] for POST '/session/fa59c7ed798f4e56ec715189203357bb/window/maximize'
2025-02-20 15:49:05 DEBUG DefaultChannelPool:348 - Entry count for : http://localhost:53760 : 1
2025-02-20 15:49:07 DEBUG DefaultChannelPool:348 - Entry count for : http://localhost:53760 : 1
2025-02-20 15:49:07 DEBUG HttpHandler:70 - 

Request DefaultHttpRequest(decodeResult: success, version: HTTP/1.1)
POST /session/fa59c7ed798f4e56ec715189203357bb/window/maximize HTTP/1.1
User-Agent: selenium/4.9.0 (java windows)
Content-Length: 3
Content-Type: application/json; charset=utf-8
host: localhost:30747
accept: */*

Response DefaultHttpResponse(decodeResult: success, version: HTTP/1.1)
HTTP/1.1 200 OK
Content-Length: 51
Content-Type: application/json; charset=utf-8
cache-control: no-cache

2025-02-20 15:49:07 DEBUG ChannelManager:270 - Adding key: http://localhost:30747 for channel [id: 0x73b06f02, L:/127.0.0.1:53759 - R:localhost/127.0.0.1:30747]
2025-02-20 15:49:07 DEBUG NettyRequestSender:593 - Using pooled Channel '[id: 0x73b06f02, L:/127.0.0.1:53759 - R:localhost/127.0.0.1:30747]' for 'POST' to 'http://localhost:30747/session/fa59c7ed798f4e56ec715189203357bb/element'
2025-02-20 15:49:07 DEBUG NettyRequestSender:251 - Using open Channel [id: 0x73b06f02, L:/127.0.0.1:53759 - R:localhost/127.0.0.1:30747] for POST '/session/fa59c7ed798f4e56ec715189203357bb/element'
2025-02-20 15:49:08 DEBUG DefaultChannelPool:348 - Entry count for : http://localhost:53760 : 1
2025-02-20 15:49:09 DEBUG DefaultChannelPool:348 - Entry count for : http://localhost:53760 : 1
2025-02-20 15:49:10 DEBUG DefaultChannelPool:348 - Entry count for : http://localhost:53760 : 1
2025-02-20 15:49:11 DEBUG DefaultChannelPool:348 - Entry count for : http://localhost:53760 : 1
2025-02-20 15:49:12 DEBUG DefaultChannelPool:348 - Entry count for : http://localhost:53760 : 1
2025-02-20 15:49:13 DEBUG DefaultChannelPool:348 - Entry count for : http://localhost:53760 : 1
2025-02-20 15:49:14 DEBUG DefaultChannelPool:348 - Entry count for : http://localhost:53760 : 1
2025-02-20 15:49:15 DEBUG DefaultChannelPool:348 - Entry count for : http://localhost:53760 : 1
2025-02-20 15:49:17 DEBUG DefaultChannelPool:348 - Entry count for : http://localhost:53760 : 1
2025-02-20 15:49:18 DEBUG DefaultChannelPool:348 - Entry count for : http://localhost:53760 : 1
2025-02-20 15:49:19 DEBUG DefaultChannelPool:348 - Entry count for : http://localhost:53760 : 1
2025-02-20 15:49:20 DEBUG DefaultChannelPool:348 - Entry count for : http://localhost:53760 : 1
2025-02-20 15:49:21 DEBUG DefaultChannelPool:348 - Entry count for : http://localhost:53760 : 1
2025-02-20 15:49:22 DEBUG DefaultChannelPool:348 - Entry count for : http://localhost:53760 : 1
2025-02-20 15:49:23 DEBUG HttpHandler:70 - 

Request DefaultHttpRequest(decodeResult: success, version: HTTP/1.1)
POST /session/fa59c7ed798f4e56ec715189203357bb/element HTTP/1.1
User-Agent: selenium/4.9.0 (java windows)
Content-Length: 53
Content-Type: application/json; charset=utf-8
host: localhost:30747
accept: */*

Response DefaultHttpResponse(decodeResult: success, version: HTTP/1.1)
HTTP/1.1 404 Not Found
Content-Length: 1050
Content-Type: application/json; charset=utf-8
cache-control: no-cache

2025-02-20 15:49:23 DEBUG ChannelManager:270 - Adding key: http://localhost:30747 for channel [id: 0x73b06f02, L:/127.0.0.1:53759 - R:localhost/127.0.0.1:30747]
]]></system-out>
    <system-err><![CDATA[Starting ChromeDriver 132.0.6834.159 (2d77d3fc4452661469b78f115e0aed4d71269739-refs/branch-heads/6834@{#4408}) on port 30747
Only local connections are allowed.
Please see https://chromedriver.chromium.org/security-considerations for suggestions on keeping ChromeDriver safe.
ChromeDriver was started successfully on port 30747.
[1740055719.521][WARNING]: This version of ChromeDriver has not been tested with Chrome version 133.
февр. 20, 2025 3:48:45 PM org.openqa.selenium.devtools.CdpVersionFinder findNearestMatch
WARNING: Unable to find CDP implementation matching 133
февр. 20, 2025 3:48:45 PM org.openqa.selenium.chromium.ChromiumDriver lambda$new$3
WARNING: Unable to find version of CDP to use for . You may need to include a dependency on a specific version of the CDP using something similar to `org.seleniumhq.selenium:selenium-devtools-v86:4.9.0` where the version ("v86") matches the version of the chromium-based browser you're using and the version number of the artifact is the same as Selenium's.
]]></system-err>
  </testcase>
  <testcase name="assertLoginButtonIsDisplayed" classname="com.stv.design.designtests.LoginTest" time="15.065">
    <failure message="Expected condition failed: waiting for visibility of element located by By.cssSelector: #login-submit (tried for 10 second(s) with 500 milliseconds interval)&#10;Build info: version: &apos;4.9.0&apos;, revision: &apos;d7057100a6&apos;&#10;System info: os.name: &apos;Windows 10&apos;, os.arch: &apos;amd64&apos;, os.version: &apos;10.0&apos;, java.version: &apos;21.0.6&apos;&#10;Driver info: org.openqa.selenium.chrome.ChromeDriver&#10;Capabilities {acceptInsecureCerts: false, browserName: chrome, browserVersion: 133.0.6943.127, chrome: {chromedriverVersion: 132.0.6834.159 (2d77d3fc445..., userDataDir: C:\Program Files\scoped_dir...}, fedcm:accounts: true, goog:chromeOptions: {debuggerAddress: localhost:53760}, networkConnectionEnabled: false, pageLoadStrategy: normal, platformName: WINDOWS, proxy: Proxy(), se:cdp: ws://localhost:53760/devtoo..., se:cdpVersion: 133.0.6943.127, setWindowRect: true, strictFileInteractability: false, timeouts: {implicit: 0, pageLoad: 300000, script: 30000}, unhandledPromptBehavior: dismiss and notify, webauthn:extension:credBlob: true, webauthn:extension:largeBlob: true, webauthn:extension:minPinLength: true, webauthn:extension:prf: true, webauthn:virtualAuthenticators: true}&#10;Session ID: fa59c7ed798f4e56ec715189203357bb" type="org.openqa.selenium.TimeoutException"><![CDATA[org.openqa.selenium.TimeoutException: 
Expected condition failed: waiting for visibility of element located by By.cssSelector: #login-submit (tried for 10 second(s) with 500 milliseconds interval)
Build info: version: '4.9.0', revision: 'd7057100a6'
System info: os.name: 'Windows 10', os.arch: 'amd64', os.version: '10.0', java.version: '21.0.6'
Driver info: org.openqa.selenium.chrome.ChromeDriver
Capabilities {acceptInsecureCerts: false, browserName: chrome, browserVersion: 133.0.6943.127, chrome: {chromedriverVersion: 132.0.6834.159 (2d77d3fc445..., userDataDir: C:\Program Files\scoped_dir...}, fedcm:accounts: true, goog:chromeOptions: {debuggerAddress: localhost:53760}, networkConnectionEnabled: false, pageLoadStrategy: normal, platformName: WINDOWS, proxy: Proxy(), se:cdp: ws://localhost:53760/devtoo..., se:cdpVersion: 133.0.6943.127, setWindowRect: true, strictFileInteractability: false, timeouts: {implicit: 0, pageLoad: 300000, script: 30000}, unhandledPromptBehavior: dismiss and notify, webauthn:extension:credBlob: true, webauthn:extension:largeBlob: true, webauthn:extension:minPinLength: true, webauthn:extension:prf: true, webauthn:virtualAuthenticators: true}
Session ID: fa59c7ed798f4e56ec715189203357bb
	at org.openqa.selenium.support.ui.WebDriverWait.timeoutException(WebDriverWait.java:87)
	at org.openqa.selenium.support.ui.FluentWait.until(FluentWait.java:231)
	at com.stv.design.designpages.LoginPage.isLoginButtonDisplayed(LoginPage.java:30)
	at com.stv.design.designtests.LoginTest.assertLoginButtonIsDisplayed(LoginTest.java:24)
	at java.base/jdk.internal.reflect.DirectMethodHandleAccessor.invoke(DirectMethodHandleAccessor.java:103)
	at java.base/java.lang.reflect.Method.invoke(Method.java:580)
	at org.testng.internal.invokers.MethodInvocationHelper.invokeMethod(MethodInvocationHelper.java:141)
	at org.testng.internal.invokers.TestInvoker.invokeMethod(TestInvoker.java:686)
	at org.testng.internal.invokers.TestInvoker.invokeTestMethod(TestInvoker.java:230)
	at org.testng.internal.invokers.MethodRunner.runInSequence(MethodRunner.java:63)
	at org.testng.internal.invokers.TestInvoker$MethodInvocationAgent.invoke(TestInvoker.java:992)
	at org.testng.internal.invokers.TestInvoker.invokeTestMethods(TestInvoker.java:203)
	at org.testng.internal.invokers.TestMethodWorker.invokeTestMethods(TestMethodWorker.java:154)
	at org.testng.internal.invokers.TestMethodWorker.run(TestMethodWorker.java:134)
	at java.base/java.util.ArrayList.forEach(ArrayList.java:1596)
	at org.testng.TestRunner.privateRun(TestRunner.java:739)
	at org.testng.TestRunner.run(TestRunner.java:614)
	at org.testng.SuiteRunner.runTest(SuiteRunner.java:421)
	at org.testng.SuiteRunner.runSequentially(SuiteRunner.java:413)
	at org.testng.SuiteRunner.privateRun(SuiteRunner.java:373)
	at org.testng.SuiteRunner.run(SuiteRunner.java:312)
	at org.testng.SuiteRunnerWorker.runSuite(SuiteRunnerWorker.java:52)
	at org.testng.SuiteRunnerWorker.run(SuiteRunnerWorker.java:95)
	at org.testng.TestNG.runSuitesSequentially(TestNG.java:1274)
	at org.testng.TestNG.runSuitesLocally(TestNG.java:1208)
	at org.testng.TestNG.runSuites(TestNG.java:1112)
	at org.testng.TestNG.run(TestNG.java:1079)
	at org.apache.maven.surefire.testng.TestNGExecutor.run(TestNGExecutor.java:155)
	at org.apache.maven.surefire.testng.TestNGDirectoryTestSuite.executeMulti(TestNGDirectoryTestSuite.java:169)
	at org.apache.maven.surefire.testng.TestNGDirectoryTestSuite.execute(TestNGDirectoryTestSuite.java:88)
	at org.apache.maven.surefire.testng.TestNGProvider.invoke(TestNGProvider.java:137)
	at org.apache.maven.surefire.booter.ForkedBooter.runSuitesInProcess(ForkedBooter.java:385)
	at org.apache.maven.surefire.booter.ForkedBooter.execute(ForkedBooter.java:162)
	at org.apache.maven.surefire.booter.ForkedBooter.run(ForkedBooter.java:507)
	at org.apache.maven.surefire.booter.ForkedBooter.main(ForkedBooter.java:495)
]]></failure>
    <system-out><![CDATA[2025-02-20 15:49:23 DEBUG NettyRequestSender:593 - Using pooled Channel '[id: 0x73b06f02, L:/127.0.0.1:53759 - R:localhost/127.0.0.1:30747]' for 'POST' to 'http://localhost:30747/session/fa59c7ed798f4e56ec715189203357bb/element'
2025-02-20 15:49:23 DEBUG NettyRequestSender:251 - Using open Channel [id: 0x73b06f02, L:/127.0.0.1:53759 - R:localhost/127.0.0.1:30747] for POST '/session/fa59c7ed798f4e56ec715189203357bb/element'
2025-02-20 15:49:23 DEBUG DefaultChannelPool:348 - Entry count for : http://localhost:53760 : 1
2025-02-20 15:49:24 DEBUG DefaultChannelPool:348 - Entry count for : http://localhost:53760 : 1
2025-02-20 15:49:25 DEBUG DefaultChannelPool:348 - Entry count for : http://localhost:53760 : 1
2025-02-20 15:49:26 DEBUG DefaultChannelPool:348 - Entry count for : http://localhost:53760 : 1
2025-02-20 15:49:28 DEBUG DefaultChannelPool:348 - Entry count for : http://localhost:53760 : 1
2025-02-20 15:49:29 DEBUG DefaultChannelPool:348 - Entry count for : http://localhost:53760 : 1
2025-02-20 15:49:30 DEBUG DefaultChannelPool:348 - Entry count for : http://localhost:53760 : 1
2025-02-20 15:49:31 DEBUG DefaultChannelPool:348 - Entry count for : http://localhost:53760 : 1
2025-02-20 15:49:32 DEBUG DefaultChannelPool:348 - Entry count for : http://localhost:53760 : 1
2025-02-20 15:49:33 DEBUG DefaultChannelPool:348 - Entry count for : http://localhost:53760 : 1
2025-02-20 15:49:34 DEBUG DefaultChannelPool:348 - Entry count for : http://localhost:53760 : 1
2025-02-20 15:49:35 DEBUG DefaultChannelPool:348 - Entry count for : http://localhost:53760 : 1
2025-02-20 15:49:36 DEBUG DefaultChannelPool:348 - Entry count for : http://localhost:53760 : 1
2025-02-20 15:49:37 DEBUG DefaultChannelPool:348 - Entry count for : http://localhost:53760 : 1
2025-02-20 15:49:38 DEBUG HttpHandler:70 - 

Request DefaultHttpRequest(decodeResult: success, version: HTTP/1.1)
POST /session/fa59c7ed798f4e56ec715189203357bb/element HTTP/1.1
User-Agent: selenium/4.9.0 (java windows)
Content-Length: 57
Content-Type: application/json; charset=utf-8
host: localhost:30747
accept: */*

Response DefaultHttpResponse(decodeResult: success, version: HTTP/1.1)
HTTP/1.1 404 Not Found
Content-Length: 1054
Content-Type: application/json; charset=utf-8
cache-control: no-cache

2025-02-20 15:49:38 DEBUG ChannelManager:270 - Adding key: http://localhost:30747 for channel [id: 0x73b06f02, L:/127.0.0.1:53759 - R:localhost/127.0.0.1:30747]
]]></system-out>
  </testcase>
  <testcase name="assertPasswordFieldIsDisplayed" classname="com.stv.design.designtests.LoginTest" time="15.093">
    <failure message="Expected condition failed: waiting for visibility of element located by By.cssSelector: #password (tried for 10 second(s) with 500 milliseconds interval)&#10;Build info: version: &apos;4.9.0&apos;, revision: &apos;d7057100a6&apos;&#10;System info: os.name: &apos;Windows 10&apos;, os.arch: &apos;amd64&apos;, os.version: &apos;10.0&apos;, java.version: &apos;21.0.6&apos;&#10;Driver info: org.openqa.selenium.chrome.ChromeDriver&#10;Capabilities {acceptInsecureCerts: false, browserName: chrome, browserVersion: 133.0.6943.127, chrome: {chromedriverVersion: 132.0.6834.159 (2d77d3fc445..., userDataDir: C:\Program Files\scoped_dir...}, fedcm:accounts: true, goog:chromeOptions: {debuggerAddress: localhost:53760}, networkConnectionEnabled: false, pageLoadStrategy: normal, platformName: WINDOWS, proxy: Proxy(), se:cdp: ws://localhost:53760/devtoo..., se:cdpVersion: 133.0.6943.127, setWindowRect: true, strictFileInteractability: false, timeouts: {implicit: 0, pageLoad: 300000, script: 30000}, unhandledPromptBehavior: dismiss and notify, webauthn:extension:credBlob: true, webauthn:extension:largeBlob: true, webauthn:extension:minPinLength: true, webauthn:extension:prf: true, webauthn:virtualAuthenticators: true}&#10;Session ID: fa59c7ed798f4e56ec715189203357bb" type="org.openqa.selenium.TimeoutException"><![CDATA[org.openqa.selenium.TimeoutException: 
Expected condition failed: waiting for visibility of element located by By.cssSelector: #password (tried for 10 second(s) with 500 milliseconds interval)
Build info: version: '4.9.0', revision: 'd7057100a6'
System info: os.name: 'Windows 10', os.arch: 'amd64', os.version: '10.0', java.version: '21.0.6'
Driver info: org.openqa.selenium.chrome.ChromeDriver
Capabilities {acceptInsecureCerts: false, browserName: chrome, browserVersion: 133.0.6943.127, chrome: {chromedriverVersion: 132.0.6834.159 (2d77d3fc445..., userDataDir: C:\Program Files\scoped_dir...}, fedcm:accounts: true, goog:chromeOptions: {debuggerAddress: localhost:53760}, networkConnectionEnabled: false, pageLoadStrategy: normal, platformName: WINDOWS, proxy: Proxy(), se:cdp: ws://localhost:53760/devtoo..., se:cdpVersion: 133.0.6943.127, setWindowRect: true, strictFileInteractability: false, timeouts: {implicit: 0, pageLoad: 300000, script: 30000}, unhandledPromptBehavior: dismiss and notify, webauthn:extension:credBlob: true, webauthn:extension:largeBlob: true, webauthn:extension:minPinLength: true, webauthn:extension:prf: true, webauthn:virtualAuthenticators: true}
Session ID: fa59c7ed798f4e56ec715189203357bb
	at org.openqa.selenium.support.ui.WebDriverWait.timeoutException(WebDriverWait.java:87)
	at org.openqa.selenium.support.ui.FluentWait.until(FluentWait.java:231)
	at com.stv.design.designpages.LoginPage.isPasswordFieldDisplayed(LoginPage.java:24)
	at com.stv.design.designtests.LoginTest.assertPasswordFieldIsDisplayed(LoginTest.java:18)
	at java.base/jdk.internal.reflect.DirectMethodHandleAccessor.invoke(DirectMethodHandleAccessor.java:103)
	at java.base/java.lang.reflect.Method.invoke(Method.java:580)
	at org.testng.internal.invokers.MethodInvocationHelper.invokeMethod(MethodInvocationHelper.java:141)
	at org.testng.internal.invokers.TestInvoker.invokeMethod(TestInvoker.java:686)
	at org.testng.internal.invokers.TestInvoker.invokeTestMethod(TestInvoker.java:230)
	at org.testng.internal.invokers.MethodRunner.runInSequence(MethodRunner.java:63)
	at org.testng.internal.invokers.TestInvoker$MethodInvocationAgent.invoke(TestInvoker.java:992)
	at org.testng.internal.invokers.TestInvoker.invokeTestMethods(TestInvoker.java:203)
	at org.testng.internal.invokers.TestMethodWorker.invokeTestMethods(TestMethodWorker.java:154)
	at org.testng.internal.invokers.TestMethodWorker.run(TestMethodWorker.java:134)
	at java.base/java.util.ArrayList.forEach(ArrayList.java:1596)
	at org.testng.TestRunner.privateRun(TestRunner.java:739)
	at org.testng.TestRunner.run(TestRunner.java:614)
	at org.testng.SuiteRunner.runTest(SuiteRunner.java:421)
	at org.testng.SuiteRunner.runSequentially(SuiteRunner.java:413)
	at org.testng.SuiteRunner.privateRun(SuiteRunner.java:373)
	at org.testng.SuiteRunner.run(SuiteRunner.java:312)
	at org.testng.SuiteRunnerWorker.runSuite(SuiteRunnerWorker.java:52)
	at org.testng.SuiteRunnerWorker.run(SuiteRunnerWorker.java:95)
	at org.testng.TestNG.runSuitesSequentially(TestNG.java:1274)
	at org.testng.TestNG.runSuitesLocally(TestNG.java:1208)
	at org.testng.TestNG.runSuites(TestNG.java:1112)
	at org.testng.TestNG.run(TestNG.java:1079)
	at org.apache.maven.surefire.testng.TestNGExecutor.run(TestNGExecutor.java:155)
	at org.apache.maven.surefire.testng.TestNGDirectoryTestSuite.executeMulti(TestNGDirectoryTestSuite.java:169)
	at org.apache.maven.surefire.testng.TestNGDirectoryTestSuite.execute(TestNGDirectoryTestSuite.java:88)
	at org.apache.maven.surefire.testng.TestNGProvider.invoke(TestNGProvider.java:137)
	at org.apache.maven.surefire.booter.ForkedBooter.runSuitesInProcess(ForkedBooter.java:385)
	at org.apache.maven.surefire.booter.ForkedBooter.execute(ForkedBooter.java:162)
	at org.apache.maven.surefire.booter.ForkedBooter.run(ForkedBooter.java:507)
	at org.apache.maven.surefire.booter.ForkedBooter.main(ForkedBooter.java:495)
]]></failure>
    <system-out><![CDATA[2025-02-20 15:49:38 DEBUG NettyRequestSender:593 - Using pooled Channel '[id: 0x73b06f02, L:/127.0.0.1:53759 - R:localhost/127.0.0.1:30747]' for 'POST' to 'http://localhost:30747/session/fa59c7ed798f4e56ec715189203357bb/element'
2025-02-20 15:49:38 DEBUG NettyRequestSender:251 - Using open Channel [id: 0x73b06f02, L:/127.0.0.1:53759 - R:localhost/127.0.0.1:30747] for POST '/session/fa59c7ed798f4e56ec715189203357bb/element'
2025-02-20 15:49:39 DEBUG DefaultChannelPool:348 - Entry count for : http://localhost:53760 : 1
2025-02-20 15:49:40 DEBUG DefaultChannelPool:348 - Entry count for : http://localhost:53760 : 1
2025-02-20 15:49:41 DEBUG DefaultChannelPool:348 - Entry count for : http://localhost:53760 : 1
2025-02-20 15:49:42 DEBUG DefaultChannelPool:348 - Entry count for : http://localhost:53760 : 1
2025-02-20 15:49:43 DEBUG DefaultChannelPool:348 - Entry count for : http://localhost:53760 : 1
2025-02-20 15:49:44 DEBUG DefaultChannelPool:348 - Entry count for : http://localhost:53760 : 1
2025-02-20 15:49:44 DEBUG DefaultChannelPool:302 - Adding Candidate expired Channel [id: 0xf507f25b, L:/127.0.0.1:53768 - R:localhost/127.0.0.1:53760] isIdleTimeoutExpired=true isRemotelyClosed=false isTtlExpired=false
2025-02-20 15:49:44 DEBUG DefaultChannelPool:321 - Closing Idle Channel [id: 0xf507f25b, L:/127.0.0.1:53768 - R:localhost/127.0.0.1:53760]
2025-02-20 15:49:44 DEBUG DefaultChannelPool:374 - Closed 1 connections out of 1 in 15 ms
2025-02-20 15:49:44 DEBUG HttpHandler:126 - Channel Closed: [id: 0xf507f25b, L:/127.0.0.1:53768 ! R:localhost/127.0.0.1:53760] with attribute DISCARD
2025-02-20 15:49:53 DEBUG HttpHandler:70 - 

Request DefaultHttpRequest(decodeResult: success, version: HTTP/1.1)
POST /session/fa59c7ed798f4e56ec715189203357bb/element HTTP/1.1
User-Agent: selenium/4.9.0 (java windows)
Content-Length: 53
Content-Type: application/json; charset=utf-8
host: localhost:30747
accept: */*

Response DefaultHttpResponse(decodeResult: success, version: HTTP/1.1)
HTTP/1.1 404 Not Found
Content-Length: 1050
Content-Type: application/json; charset=utf-8
cache-control: no-cache

2025-02-20 15:49:53 DEBUG ChannelManager:270 - Adding key: http://localhost:30747 for channel [id: 0x73b06f02, L:/127.0.0.1:53759 - R:localhost/127.0.0.1:30747]
]]></system-out>
  </testcase>
  <testcase name="setUp" classname="com.stv.design.designtests.MainTest" time="16.327">
    <failure message="Session ID is null. Using WebDriver after calling quit()?&#10;Build info: version: &apos;4.9.0&apos;, revision: &apos;d7057100a6&apos;&#10;System info: os.name: &apos;Windows 10&apos;, os.arch: &apos;amd64&apos;, os.version: &apos;10.0&apos;, java.version: &apos;21.0.6&apos;&#10;Driver info: org.openqa.selenium.chrome.ChromeDriver&#10;Command: [null, get {url=https://www.inmotionhosting.com/}]&#10;Capabilities {acceptInsecureCerts: false, browserName: chrome, browserVersion: 133.0.6943.127, chrome: {chromedriverVersion: 132.0.6834.159 (2d77d3fc445..., userDataDir: C:\Program Files\scoped_dir...}, fedcm:accounts: true, goog:chromeOptions: {debuggerAddress: localhost:53760}, networkConnectionEnabled: false, pageLoadStrategy: normal, platformName: WINDOWS, proxy: Proxy(), se:cdp: ws://localhost:53760/devtoo..., se:cdpVersion: 133.0.6943.127, setWindowRect: true, strictFileInteractability: false, timeouts: {implicit: 0, pageLoad: 300000, script: 30000}, unhandledPromptBehavior: dismiss and notify, webauthn:extension:credBlob: true, webauthn:extension:largeBlob: true, webauthn:extension:minPinLength: true, webauthn:extension:prf: true, webauthn:virtualAuthenticators: true}" type="org.openqa.selenium.NoSuchSessionException"><![CDATA[org.openqa.selenium.NoSuchSessionException: 
Session ID is null. Using WebDriver after calling quit()?
Build info: version: '4.9.0', revision: 'd7057100a6'
System info: os.name: 'Windows 10', os.arch: 'amd64', os.version: '10.0', java.version: '21.0.6'
Driver info: org.openqa.selenium.chrome.ChromeDriver
Command: [null, get {url=https://www.inmotionhosting.com/}]
Capabilities {acceptInsecureCerts: false, browserName: chrome, browserVersion: 133.0.6943.127, chrome: {chromedriverVersion: 132.0.6834.159 (2d77d3fc445..., userDataDir: C:\Program Files\scoped_dir...}, fedcm:accounts: true, goog:chromeOptions: {debuggerAddress: localhost:53760}, networkConnectionEnabled: false, pageLoadStrategy: normal, platformName: WINDOWS, proxy: Proxy(), se:cdp: ws://localhost:53760/devtoo..., se:cdpVersion: 133.0.6943.127, setWindowRect: true, strictFileInteractability: false, timeouts: {implicit: 0, pageLoad: 300000, script: 30000}, unhandledPromptBehavior: dismiss and notify, webauthn:extension:credBlob: true, webauthn:extension:largeBlob: true, webauthn:extension:minPinLength: true, webauthn:extension:prf: true, webauthn:virtualAuthenticators: true}
	at org.openqa.selenium.remote.HttpCommandExecutor.execute(HttpCommandExecutor.java:154)
	at org.openqa.selenium.remote.service.DriverCommandExecutor.invokeExecute(DriverCommandExecutor.java:183)
	at org.openqa.selenium.remote.service.DriverCommandExecutor.execute(DriverCommandExecutor.java:158)
	at org.openqa.selenium.remote.RemoteWebDriver.execute(RemoteWebDriver.java:543)
	at org.openqa.selenium.remote.RemoteWebDriver.get(RemoteWebDriver.java:297)
	at com.stv.design.designtests.BasicTest.setUp(BasicTest.java:21)
	at java.base/jdk.internal.reflect.DirectMethodHandleAccessor.invoke(DirectMethodHandleAccessor.java:103)
	at java.base/java.lang.reflect.Method.invoke(Method.java:580)
	at org.testng.internal.invokers.MethodInvocationHelper.invokeMethod(MethodInvocationHelper.java:141)
	at org.testng.internal.invokers.MethodInvocationHelper.invokeMethodConsideringTimeout(MethodInvocationHelper.java:71)
	at org.testng.internal.invokers.ConfigInvoker.invokeConfigurationMethod(ConfigInvoker.java:400)
	at org.testng.internal.invokers.ConfigInvoker.invokeConfigurations(ConfigInvoker.java:333)
	at org.testng.internal.invokers.TestMethodWorker.invokeBeforeClassMethods(TestMethodWorker.java:188)
	at org.testng.internal.invokers.TestMethodWorker.run(TestMethodWorker.java:128)
	at java.base/java.util.ArrayList.forEach(ArrayList.java:1596)
	at org.testng.TestRunner.privateRun(TestRunner.java:739)
	at org.testng.TestRunner.run(TestRunner.java:614)
	at org.testng.SuiteRunner.runTest(SuiteRunner.java:421)
	at org.testng.SuiteRunner.runSequentially(SuiteRunner.java:413)
	at org.testng.SuiteRunner.privateRun(SuiteRunner.java:373)
	at org.testng.SuiteRunner.run(SuiteRunner.java:312)
	at org.testng.SuiteRunnerWorker.runSuite(SuiteRunnerWorker.java:52)
	at org.testng.SuiteRunnerWorker.run(SuiteRunnerWorker.java:95)
	at org.testng.TestNG.runSuitesSequentially(TestNG.java:1274)
	at org.testng.TestNG.runSuitesLocally(TestNG.java:1208)
	at org.testng.TestNG.runSuites(TestNG.java:1112)
	at org.testng.TestNG.run(TestNG.java:1079)
	at org.apache.maven.surefire.testng.TestNGExecutor.run(TestNGExecutor.java:155)
	at org.apache.maven.surefire.testng.TestNGDirectoryTestSuite.executeMulti(TestNGDirectoryTestSuite.java:169)
	at org.apache.maven.surefire.testng.TestNGDirectoryTestSuite.execute(TestNGDirectoryTestSuite.java:88)
	at org.apache.maven.surefire.testng.TestNGProvider.invoke(TestNGProvider.java:137)
	at org.apache.maven.surefire.booter.ForkedBooter.runSuitesInProcess(ForkedBooter.java:385)
	at org.apache.maven.surefire.booter.ForkedBooter.execute(ForkedBooter.java:162)
	at org.apache.maven.surefire.booter.ForkedBooter.run(ForkedBooter.java:507)
	at org.apache.maven.surefire.booter.ForkedBooter.main(ForkedBooter.java:495)
]]></failure>
    <system-out><![CDATA[2025-02-20 15:49:53 DEBUG NettyRequestSender:593 - Using pooled Channel '[id: 0x73b06f02, L:/127.0.0.1:53759 - R:localhost/127.0.0.1:30747]' for 'DELETE' to 'http://localhost:30747/session/fa59c7ed798f4e56ec715189203357bb'
2025-02-20 15:49:53 DEBUG WebSocketHandler:126 - Channel Closed: [id: 0xeb649191, L:/127.0.0.1:53769 ! R:localhost/127.0.0.1:53760] with attribute DISCARD
2025-02-20 15:49:53 DEBUG NettyRequestSender:251 - Using open Channel [id: 0x73b06f02, L:/127.0.0.1:53759 - R:localhost/127.0.0.1:30747] for DELETE '/session/fa59c7ed798f4e56ec715189203357bb'
2025-02-20 15:49:54 DEBUG HttpHandler:70 - 

Request DefaultFullHttpRequest(decodeResult: success, version: HTTP/1.1, content: EmptyByteBufBE)
DELETE /session/fa59c7ed798f4e56ec715189203357bb HTTP/1.1
User-Agent: selenium/4.9.0 (java windows)
Content-Type: application/json; charset=utf-8
host: localhost:30747
accept: */*

Response DefaultHttpResponse(decodeResult: success, version: HTTP/1.1)
HTTP/1.1 200 OK
Content-Length: 14
Content-Type: application/json; charset=utf-8
cache-control: no-cache

2025-02-20 15:49:54 DEBUG ChannelManager:270 - Adding key: http://localhost:30747 for channel [id: 0x73b06f02, L:/127.0.0.1:53759 - R:localhost/127.0.0.1:30747]
2025-02-20 15:49:54 DEBUG DefaultChannelPool:348 - Entry count for : http://localhost:30747 : 1
2025-02-20 15:49:54 DEBUG HttpHandler:126 - Channel Closed: [id: 0x73b06f02, L:/127.0.0.1:53759 ! R:localhost/127.0.0.1:30747] with attribute DISCARD
]]></system-out>
  </testcase>
  <testcase name="assertParaBankIconIsDisplayed" classname="com.stv.design.designtests.MainTest" time="0.0">
    <skipped message="Session ID is null. Using WebDriver after calling quit()?&#10;Build info: version: &apos;4.9.0&apos;, revision: &apos;d7057100a6&apos;&#10;System info: os.name: &apos;Windows 10&apos;, os.arch: &apos;amd64&apos;, os.version: &apos;10.0&apos;, java.version: &apos;21.0.6&apos;&#10;Driver info: org.openqa.selenium.chrome.ChromeDriver&#10;Command: [null, get {url=https://www.inmotionhosting.com/}]&#10;Capabilities {acceptInsecureCerts: false, browserName: chrome, browserVersion: 133.0.6943.127, chrome: {chromedriverVersion: 132.0.6834.159 (2d77d3fc445..., userDataDir: C:\Program Files\scoped_dir...}, fedcm:accounts: true, goog:chromeOptions: {debuggerAddress: localhost:53760}, networkConnectionEnabled: false, pageLoadStrategy: normal, platformName: WINDOWS, proxy: Proxy(), se:cdp: ws://localhost:53760/devtoo..., se:cdpVersion: 133.0.6943.127, setWindowRect: true, strictFileInteractability: false, timeouts: {implicit: 0, pageLoad: 300000, script: 30000}, unhandledPromptBehavior: dismiss and notify, webauthn:extension:credBlob: true, webauthn:extension:largeBlob: true, webauthn:extension:minPinLength: true, webauthn:extension:prf: true, webauthn:virtualAuthenticators: true}"/>
  </testcase>
  <testcase name="navigateToLoginPage" classname="com.stv.design.designtests.MainTest" time="0.0">
    <skipped message="Session ID is null. Using WebDriver after calling quit()?&#10;Build info: version: &apos;4.9.0&apos;, revision: &apos;d7057100a6&apos;&#10;System info: os.name: &apos;Windows 10&apos;, os.arch: &apos;amd64&apos;, os.version: &apos;10.0&apos;, java.version: &apos;21.0.6&apos;&#10;Driver info: org.openqa.selenium.chrome.ChromeDriver&#10;Command: [null, get {url=https://www.inmotionhosting.com/}]&#10;Capabilities {acceptInsecureCerts: false, browserName: chrome, browserVersion: 133.0.6943.127, chrome: {chromedriverVersion: 132.0.6834.159 (2d77d3fc445..., userDataDir: C:\Program Files\scoped_dir...}, fedcm:accounts: true, goog:chromeOptions: {debuggerAddress: localhost:53760}, networkConnectionEnabled: false, pageLoadStrategy: normal, platformName: WINDOWS, proxy: Proxy(), se:cdp: ws://localhost:53760/devtoo..., se:cdpVersion: 133.0.6943.127, setWindowRect: true, strictFileInteractability: false, timeouts: {implicit: 0, pageLoad: 300000, script: 30000}, unhandledPromptBehavior: dismiss and notify, webauthn:extension:credBlob: true, webauthn:extension:largeBlob: true, webauthn:extension:minPinLength: true, webauthn:extension:prf: true, webauthn:virtualAuthenticators: true}"/>
  </testcase>
  <testcase name="afterClass" classname="com.stv.design.designtests.MainTest" time="0.0">
    <skipped/>
  </testcase>
  <testcase name="setUp" classname="com.stv.factory.factorytests.LoginFactoryTest" time="0.033">
    <failure message="Session ID is null. Using WebDriver after calling quit()?&#10;Build info: version: &apos;4.9.0&apos;, revision: &apos;d7057100a6&apos;&#10;System info: os.name: &apos;Windows 10&apos;, os.arch: &apos;amd64&apos;, os.version: &apos;10.0&apos;, java.version: &apos;21.0.6&apos;&#10;Driver info: org.openqa.selenium.chrome.ChromeDriver&#10;Command: [null, get {url=https://www.inmotionhosting.com/}]&#10;Capabilities {acceptInsecureCerts: false, browserName: chrome, browserVersion: 133.0.6943.127, chrome: {chromedriverVersion: 132.0.6834.159 (2d77d3fc445..., userDataDir: C:\Program Files\scoped_dir...}, fedcm:accounts: true, goog:chromeOptions: {debuggerAddress: localhost:53760}, networkConnectionEnabled: false, pageLoadStrategy: normal, platformName: WINDOWS, proxy: Proxy(), se:cdp: ws://localhost:53760/devtoo..., se:cdpVersion: 133.0.6943.127, setWindowRect: true, strictFileInteractability: false, timeouts: {implicit: 0, pageLoad: 300000, script: 30000}, unhandledPromptBehavior: dismiss and notify, webauthn:extension:credBlob: true, webauthn:extension:largeBlob: true, webauthn:extension:minPinLength: true, webauthn:extension:prf: true, webauthn:virtualAuthenticators: true}" type="org.openqa.selenium.NoSuchSessionException"><![CDATA[org.openqa.selenium.NoSuchSessionException: 
Session ID is null. Using WebDriver after calling quit()?
Build info: version: '4.9.0', revision: 'd7057100a6'
System info: os.name: 'Windows 10', os.arch: 'amd64', os.version: '10.0', java.version: '21.0.6'
Driver info: org.openqa.selenium.chrome.ChromeDriver
Command: [null, get {url=https://www.inmotionhosting.com/}]
Capabilities {acceptInsecureCerts: false, browserName: chrome, browserVersion: 133.0.6943.127, chrome: {chromedriverVersion: 132.0.6834.159 (2d77d3fc445..., userDataDir: C:\Program Files\scoped_dir...}, fedcm:accounts: true, goog:chromeOptions: {debuggerAddress: localhost:53760}, networkConnectionEnabled: false, pageLoadStrategy: normal, platformName: WINDOWS, proxy: Proxy(), se:cdp: ws://localhost:53760/devtoo..., se:cdpVersion: 133.0.6943.127, setWindowRect: true, strictFileInteractability: false, timeouts: {implicit: 0, pageLoad: 300000, script: 30000}, unhandledPromptBehavior: dismiss and notify, webauthn:extension:credBlob: true, webauthn:extension:largeBlob: true, webauthn:extension:minPinLength: true, webauthn:extension:prf: true, webauthn:virtualAuthenticators: true}
	at org.openqa.selenium.remote.HttpCommandExecutor.execute(HttpCommandExecutor.java:154)
	at org.openqa.selenium.remote.service.DriverCommandExecutor.invokeExecute(DriverCommandExecutor.java:183)
	at org.openqa.selenium.remote.service.DriverCommandExecutor.execute(DriverCommandExecutor.java:158)
	at org.openqa.selenium.remote.RemoteWebDriver.execute(RemoteWebDriver.java:543)
	at org.openqa.selenium.remote.RemoteWebDriver.get(RemoteWebDriver.java:297)
	at com.stv.design.designtests.BasicTest.setUp(BasicTest.java:21)
	at java.base/jdk.internal.reflect.DirectMethodHandleAccessor.invoke(DirectMethodHandleAccessor.java:103)
	at java.base/java.lang.reflect.Method.invoke(Method.java:580)
	at org.testng.internal.invokers.MethodInvocationHelper.invokeMethod(MethodInvocationHelper.java:141)
	at org.testng.internal.invokers.MethodInvocationHelper.invokeMethodConsideringTimeout(MethodInvocationHelper.java:71)
	at org.testng.internal.invokers.ConfigInvoker.invokeConfigurationMethod(ConfigInvoker.java:400)
	at org.testng.internal.invokers.ConfigInvoker.invokeConfigurations(ConfigInvoker.java:333)
	at org.testng.internal.invokers.TestMethodWorker.invokeBeforeClassMethods(TestMethodWorker.java:188)
	at org.testng.internal.invokers.TestMethodWorker.run(TestMethodWorker.java:128)
	at java.base/java.util.ArrayList.forEach(ArrayList.java:1596)
	at org.testng.TestRunner.privateRun(TestRunner.java:739)
	at org.testng.TestRunner.run(TestRunner.java:614)
	at org.testng.SuiteRunner.runTest(SuiteRunner.java:421)
	at org.testng.SuiteRunner.runSequentially(SuiteRunner.java:413)
	at org.testng.SuiteRunner.privateRun(SuiteRunner.java:373)
	at org.testng.SuiteRunner.run(SuiteRunner.java:312)
	at org.testng.SuiteRunnerWorker.runSuite(SuiteRunnerWorker.java:52)
	at org.testng.SuiteRunnerWorker.run(SuiteRunnerWorker.java:95)
	at org.testng.TestNG.runSuitesSequentially(TestNG.java:1274)
	at org.testng.TestNG.runSuitesLocally(TestNG.java:1208)
	at org.testng.TestNG.runSuites(TestNG.java:1112)
	at org.testng.TestNG.run(TestNG.java:1079)
	at org.apache.maven.surefire.testng.TestNGExecutor.run(TestNGExecutor.java:155)
	at org.apache.maven.surefire.testng.TestNGDirectoryTestSuite.executeMulti(TestNGDirectoryTestSuite.java:169)
	at org.apache.maven.surefire.testng.TestNGDirectoryTestSuite.execute(TestNGDirectoryTestSuite.java:88)
	at org.apache.maven.surefire.testng.TestNGProvider.invoke(TestNGProvider.java:137)
	at org.apache.maven.surefire.booter.ForkedBooter.runSuitesInProcess(ForkedBooter.java:385)
	at org.apache.maven.surefire.booter.ForkedBooter.execute(ForkedBooter.java:162)
	at org.apache.maven.surefire.booter.ForkedBooter.run(ForkedBooter.java:507)
	at org.apache.maven.surefire.booter.ForkedBooter.main(ForkedBooter.java:495)
]]></failure>
  </testcase>
  <testcase name="assertEmailFieldIsDisplayed" classname="com.stv.factory.factorytests.LoginFactoryTest" time="0.0">
    <skipped message="Session ID is null. Using WebDriver after calling quit()?&#10;Build info: version: &apos;4.9.0&apos;, revision: &apos;d7057100a6&apos;&#10;System info: os.name: &apos;Windows 10&apos;, os.arch: &apos;amd64&apos;, os.version: &apos;10.0&apos;, java.version: &apos;21.0.6&apos;&#10;Driver info: org.openqa.selenium.chrome.ChromeDriver&#10;Command: [null, get {url=https://www.inmotionhosting.com/}]&#10;Capabilities {acceptInsecureCerts: false, browserName: chrome, browserVersion: 133.0.6943.127, chrome: {chromedriverVersion: 132.0.6834.159 (2d77d3fc445..., userDataDir: C:\Program Files\scoped_dir...}, fedcm:accounts: true, goog:chromeOptions: {debuggerAddress: localhost:53760}, networkConnectionEnabled: false, pageLoadStrategy: normal, platformName: WINDOWS, proxy: Proxy(), se:cdp: ws://localhost:53760/devtoo..., se:cdpVersion: 133.0.6943.127, setWindowRect: true, strictFileInteractability: false, timeouts: {implicit: 0, pageLoad: 300000, script: 30000}, unhandledPromptBehavior: dismiss and notify, webauthn:extension:credBlob: true, webauthn:extension:largeBlob: true, webauthn:extension:minPinLength: true, webauthn:extension:prf: true, webauthn:virtualAuthenticators: true}"/>
  </testcase>
  <testcase name="assertLoginButtonIsDisplayed" classname="com.stv.factory.factorytests.LoginFactoryTest" time="0.0">
    <skipped message="Session ID is null. Using WebDriver after calling quit()?&#10;Build info: version: &apos;4.9.0&apos;, revision: &apos;d7057100a6&apos;&#10;System info: os.name: &apos;Windows 10&apos;, os.arch: &apos;amd64&apos;, os.version: &apos;10.0&apos;, java.version: &apos;21.0.6&apos;&#10;Driver info: org.openqa.selenium.chrome.ChromeDriver&#10;Command: [null, get {url=https://www.inmotionhosting.com/}]&#10;Capabilities {acceptInsecureCerts: false, browserName: chrome, browserVersion: 133.0.6943.127, chrome: {chromedriverVersion: 132.0.6834.159 (2d77d3fc445..., userDataDir: C:\Program Files\scoped_dir...}, fedcm:accounts: true, goog:chromeOptions: {debuggerAddress: localhost:53760}, networkConnectionEnabled: false, pageLoadStrategy: normal, platformName: WINDOWS, proxy: Proxy(), se:cdp: ws://localhost:53760/devtoo..., se:cdpVersion: 133.0.6943.127, setWindowRect: true, strictFileInteractability: false, timeouts: {implicit: 0, pageLoad: 300000, script: 30000}, unhandledPromptBehavior: dismiss and notify, webauthn:extension:credBlob: true, webauthn:extension:largeBlob: true, webauthn:extension:minPinLength: true, webauthn:extension:prf: true, webauthn:virtualAuthenticators: true}"/>
  </testcase>
  <testcase name="assertPasswordFieldIsDisplayed" classname="com.stv.factory.factorytests.LoginFactoryTest" time="0.0">
    <skipped message="Session ID is null. Using WebDriver after calling quit()?&#10;Build info: version: &apos;4.9.0&apos;, revision: &apos;d7057100a6&apos;&#10;System info: os.name: &apos;Windows 10&apos;, os.arch: &apos;amd64&apos;, os.version: &apos;10.0&apos;, java.version: &apos;21.0.6&apos;&#10;Driver info: org.openqa.selenium.chrome.ChromeDriver&#10;Command: [null, get {url=https://www.inmotionhosting.com/}]&#10;Capabilities {acceptInsecureCerts: false, browserName: chrome, browserVersion: 133.0.6943.127, chrome: {chromedriverVersion: 132.0.6834.159 (2d77d3fc445..., userDataDir: C:\Program Files\scoped_dir...}, fedcm:accounts: true, goog:chromeOptions: {debuggerAddress: localhost:53760}, networkConnectionEnabled: false, pageLoadStrategy: normal, platformName: WINDOWS, proxy: Proxy(), se:cdp: ws://localhost:53760/devtoo..., se:cdpVersion: 133.0.6943.127, setWindowRect: true, strictFileInteractability: false, timeouts: {implicit: 0, pageLoad: 300000, script: 30000}, unhandledPromptBehavior: dismiss and notify, webauthn:extension:credBlob: true, webauthn:extension:largeBlob: true, webauthn:extension:minPinLength: true, webauthn:extension:prf: true, webauthn:virtualAuthenticators: true}"/>
  </testcase>
  <testcase name="afterClass" classname="com.stv.factory.factorytests.LoginFactoryTest" time="0.0">
    <skipped/>
  </testcase>
  <testcase name="setUp" classname="com.stv.factory.factorytests.MainFactoryTest" time="0.023">
    <failure message="Session ID is null. Using WebDriver after calling quit()?&#10;Build info: version: &apos;4.9.0&apos;, revision: &apos;d7057100a6&apos;&#10;System info: os.name: &apos;Windows 10&apos;, os.arch: &apos;amd64&apos;, os.version: &apos;10.0&apos;, java.version: &apos;21.0.6&apos;&#10;Driver info: org.openqa.selenium.chrome.ChromeDriver&#10;Command: [null, get {url=https://www.inmotionhosting.com/}]&#10;Capabilities {acceptInsecureCerts: false, browserName: chrome, browserVersion: 133.0.6943.127, chrome: {chromedriverVersion: 132.0.6834.159 (2d77d3fc445..., userDataDir: C:\Program Files\scoped_dir...}, fedcm:accounts: true, goog:chromeOptions: {debuggerAddress: localhost:53760}, networkConnectionEnabled: false, pageLoadStrategy: normal, platformName: WINDOWS, proxy: Proxy(), se:cdp: ws://localhost:53760/devtoo..., se:cdpVersion: 133.0.6943.127, setWindowRect: true, strictFileInteractability: false, timeouts: {implicit: 0, pageLoad: 300000, script: 30000}, unhandledPromptBehavior: dismiss and notify, webauthn:extension:credBlob: true, webauthn:extension:largeBlob: true, webauthn:extension:minPinLength: true, webauthn:extension:prf: true, webauthn:virtualAuthenticators: true}" type="org.openqa.selenium.NoSuchSessionException"><![CDATA[org.openqa.selenium.NoSuchSessionException: 
Session ID is null. Using WebDriver after calling quit()?
Build info: version: '4.9.0', revision: 'd7057100a6'
System info: os.name: 'Windows 10', os.arch: 'amd64', os.version: '10.0', java.version: '21.0.6'
Driver info: org.openqa.selenium.chrome.ChromeDriver
Command: [null, get {url=https://www.inmotionhosting.com/}]
Capabilities {acceptInsecureCerts: false, browserName: chrome, browserVersion: 133.0.6943.127, chrome: {chromedriverVersion: 132.0.6834.159 (2d77d3fc445..., userDataDir: C:\Program Files\scoped_dir...}, fedcm:accounts: true, goog:chromeOptions: {debuggerAddress: localhost:53760}, networkConnectionEnabled: false, pageLoadStrategy: normal, platformName: WINDOWS, proxy: Proxy(), se:cdp: ws://localhost:53760/devtoo..., se:cdpVersion: 133.0.6943.127, setWindowRect: true, strictFileInteractability: false, timeouts: {implicit: 0, pageLoad: 300000, script: 30000}, unhandledPromptBehavior: dismiss and notify, webauthn:extension:credBlob: true, webauthn:extension:largeBlob: true, webauthn:extension:minPinLength: true, webauthn:extension:prf: true, webauthn:virtualAuthenticators: true}
	at org.openqa.selenium.remote.HttpCommandExecutor.execute(HttpCommandExecutor.java:154)
	at org.openqa.selenium.remote.service.DriverCommandExecutor.invokeExecute(DriverCommandExecutor.java:183)
	at org.openqa.selenium.remote.service.DriverCommandExecutor.execute(DriverCommandExecutor.java:158)
	at org.openqa.selenium.remote.RemoteWebDriver.execute(RemoteWebDriver.java:543)
	at org.openqa.selenium.remote.RemoteWebDriver.get(RemoteWebDriver.java:297)
	at com.stv.factory.factorytests.BasicFactoryTest.setUp(BasicFactoryTest.java:22)
	at java.base/jdk.internal.reflect.DirectMethodHandleAccessor.invoke(DirectMethodHandleAccessor.java:103)
	at java.base/java.lang.reflect.Method.invoke(Method.java:580)
	at org.testng.internal.invokers.MethodInvocationHelper.invokeMethod(MethodInvocationHelper.java:141)
	at org.testng.internal.invokers.MethodInvocationHelper.invokeMethodConsideringTimeout(MethodInvocationHelper.java:71)
	at org.testng.internal.invokers.ConfigInvoker.invokeConfigurationMethod(ConfigInvoker.java:400)
	at org.testng.internal.invokers.ConfigInvoker.invokeConfigurations(ConfigInvoker.java:333)
	at org.testng.internal.invokers.TestMethodWorker.invokeBeforeClassMethods(TestMethodWorker.java:188)
	at org.testng.internal.invokers.TestMethodWorker.run(TestMethodWorker.java:128)
	at java.base/java.util.ArrayList.forEach(ArrayList.java:1596)
	at org.testng.TestRunner.privateRun(TestRunner.java:739)
	at org.testng.TestRunner.run(TestRunner.java:614)
	at org.testng.SuiteRunner.runTest(SuiteRunner.java:421)
	at org.testng.SuiteRunner.runSequentially(SuiteRunner.java:413)
	at org.testng.SuiteRunner.privateRun(SuiteRunner.java:373)
	at org.testng.SuiteRunner.run(SuiteRunner.java:312)
	at org.testng.SuiteRunnerWorker.runSuite(SuiteRunnerWorker.java:52)
	at org.testng.SuiteRunnerWorker.run(SuiteRunnerWorker.java:95)
	at org.testng.TestNG.runSuitesSequentially(TestNG.java:1274)
	at org.testng.TestNG.runSuitesLocally(TestNG.java:1208)
	at org.testng.TestNG.runSuites(TestNG.java:1112)
	at org.testng.TestNG.run(TestNG.java:1079)
	at org.apache.maven.surefire.testng.TestNGExecutor.run(TestNGExecutor.java:155)
	at org.apache.maven.surefire.testng.TestNGDirectoryTestSuite.executeMulti(TestNGDirectoryTestSuite.java:169)
	at org.apache.maven.surefire.testng.TestNGDirectoryTestSuite.execute(TestNGDirectoryTestSuite.java:88)
	at org.apache.maven.surefire.testng.TestNGProvider.invoke(TestNGProvider.java:137)
	at org.apache.maven.surefire.booter.ForkedBooter.runSuitesInProcess(ForkedBooter.java:385)
	at org.apache.maven.surefire.booter.ForkedBooter.execute(ForkedBooter.java:162)
	at org.apache.maven.surefire.booter.ForkedBooter.run(ForkedBooter.java:507)
	at org.apache.maven.surefire.booter.ForkedBooter.main(ForkedBooter.java:495)
]]></failure>
  </testcase>
  <testcase name="assertMainLogoIsDisplayed" classname="com.stv.factory.factorytests.MainFactoryTest" time="0.0">
    <skipped message="Session ID is null. Using WebDriver after calling quit()?&#10;Build info: version: &apos;4.9.0&apos;, revision: &apos;d7057100a6&apos;&#10;System info: os.name: &apos;Windows 10&apos;, os.arch: &apos;amd64&apos;, os.version: &apos;10.0&apos;, java.version: &apos;21.0.6&apos;&#10;Driver info: org.openqa.selenium.chrome.ChromeDriver&#10;Command: [null, get {url=https://www.inmotionhosting.com/}]&#10;Capabilities {acceptInsecureCerts: false, browserName: chrome, browserVersion: 133.0.6943.127, chrome: {chromedriverVersion: 132.0.6834.159 (2d77d3fc445..., userDataDir: C:\Program Files\scoped_dir...}, fedcm:accounts: true, goog:chromeOptions: {debuggerAddress: localhost:53760}, networkConnectionEnabled: false, pageLoadStrategy: normal, platformName: WINDOWS, proxy: Proxy(), se:cdp: ws://localhost:53760/devtoo..., se:cdpVersion: 133.0.6943.127, setWindowRect: true, strictFileInteractability: false, timeouts: {implicit: 0, pageLoad: 300000, script: 30000}, unhandledPromptBehavior: dismiss and notify, webauthn:extension:credBlob: true, webauthn:extension:largeBlob: true, webauthn:extension:minPinLength: true, webauthn:extension:prf: true, webauthn:virtualAuthenticators: true}"/>
  </testcase>
  <testcase name="navigateToLoginPage" classname="com.stv.factory.factorytests.MainFactoryTest" time="0.0">
    <skipped message="Session ID is null. Using WebDriver after calling quit()?&#10;Build info: version: &apos;4.9.0&apos;, revision: &apos;d7057100a6&apos;&#10;System info: os.name: &apos;Windows 10&apos;, os.arch: &apos;amd64&apos;, os.version: &apos;10.0&apos;, java.version: &apos;21.0.6&apos;&#10;Driver info: org.openqa.selenium.chrome.ChromeDriver&#10;Command: [null, get {url=https://www.inmotionhosting.com/}]&#10;Capabilities {acceptInsecureCerts: false, browserName: chrome, browserVersion: 133.0.6943.127, chrome: {chromedriverVersion: 132.0.6834.159 (2d77d3fc445..., userDataDir: C:\Program Files\scoped_dir...}, fedcm:accounts: true, goog:chromeOptions: {debuggerAddress: localhost:53760}, networkConnectionEnabled: false, pageLoadStrategy: normal, platformName: WINDOWS, proxy: Proxy(), se:cdp: ws://localhost:53760/devtoo..., se:cdpVersion: 133.0.6943.127, setWindowRect: true, strictFileInteractability: false, timeouts: {implicit: 0, pageLoad: 300000, script: 30000}, unhandledPromptBehavior: dismiss and notify, webauthn:extension:credBlob: true, webauthn:extension:largeBlob: true, webauthn:extension:minPinLength: true, webauthn:extension:prf: true, webauthn:virtualAuthenticators: true}"/>
  </testcase>
  <testcase name="assertAdminPanelOpened" classname="com.stv.factory.factorytests.MainFactoryTest" time="0.0">
    <skipped message="Method com.stv.factory.factorytests.MainFactoryTest.assertAdminPanelOpened() on instance com.stv.factory.factorytests.MainFactoryTest@4a183d02 depends on not successfully finished methods &#10;[com.stv.factory.factorytests.MainFactoryTest.assertMainLogoIsDisplayed() on instance com.stv.factory.factorytests.MainFactoryTest@4a183d02]"/>
  </testcase>
  <testcase name="afterClass" classname="com.stv.factory.factorytests.MainFactoryTest" time="0.0">
    <skipped/>
  </testcase>
</testsuite>