<?xml version="1.0" encoding="UTF-8"?>
<!-- Generated by org.testng.reporters.JUnitXMLReporter -->
<testsuite ignored="0" hostname="MSI" failures="0" tests="2" name="Command line test" time="2.012" errors="0" timestamp="2025-01-24T15:34:38 MSK">
  <testcase classname="com.stv.factory.factorytests.MainFactoryTest" name="assertMainLogoIsDisplayed" time="0.321"/>
  <testcase classname="com.stv.factory.factorytests.MainFactoryTest" name="assertAdminPanelOpened" time="0.126"/>
</testsuite> <!-- Command line test -->
